\BOOKMARK [0][-]{chapter*.1}{\376\377\166\356\137\125}{}% 1
\BOOKMARK [-1][-]{part.1}{\376\377\000I\000\040\146\166\117\123\177\072\226\167}{}% 2
\BOOKMARK [0][-]{chapter.1}{\376\377\160\271\177\072\226\167}{part.1}% 3
\BOOKMARK [0][-]{chapter.2}{\376\377\176\277\177\072\226\167}{part.1}% 4
\BOOKMARK [1][-]{section.2.1}{\376\377\117\115\225\031\151\202\137\365\166\204\137\025\121\145}{chapter.2}% 5
\BOOKMARK [2][-]{subsection.2.1.1}{\376\377\133\236\226\105\146\166\117\123\166\204\156\321\171\373\162\171\137\201}{section.2.1}% 6
\BOOKMARK [2][-]{subsection.2.1.2}{\376\377\164\006\140\363\146\166\117\123\166\204\156\321\171\373}{section.2.1}% 7
\BOOKMARK [1][-]{section.2.2}{\376\377\117\115\225\031\166\204\176\323\147\204}{chapter.2}% 8
\BOOKMARK [2][-]{subsection.2.2.1}{\376\377\122\003\127\213\117\115\225\031}{section.2.2}% 9
\BOOKMARK [2][-]{subsection.2.2.2}{\376\377\207\272\127\213\117\115\225\031}{section.2.2}% 10
\BOOKMARK [2][-]{subsection.2.2.3}{\376\377\155\367\124\010\127\213\117\115\225\031}{section.2.2}% 11
\BOOKMARK [2][-]{subsection.2.2.4}{\376\377\134\017\176\323}{section.2.2}% 12
\BOOKMARK [1][-]{section.2.3}{\376\377\117\115\225\031\166\204\146\156\220\115\133\232\116\111\116\016\117\057\150\074\145\257\167\342\221\317}{chapter.2}% 13
\BOOKMARK [2][-]{subsection.2.3.1}{\376\377\117\115\225\031\166\204\146\156\220\115\133\232\116\111}{section.2.3}% 14
\BOOKMARK [2][-]{subsection.2.3.2}{\376\377\147\317\137\017\167\342\221\317\166\204\133\232\116\111}{section.2.3}% 15
\BOOKMARK [2][-]{subsection.2.3.3}{\376\377\147\317\137\017\167\342\221\317\133\210\140\122\133\232\137\213}{section.2.3}% 16
\BOOKMARK [1][-]{section.2.4}{\376\377\117\115\225\031\136\224\122\233\127\072}{chapter.2}% 17
\BOOKMARK [2][-]{subsection.2.4.1}{\376\377\122\003\127\213\117\115\225\031\166\204\136\224\122\233\127\072}{section.2.4}% 18
\BOOKMARK [2][-]{subsection.2.4.2}{\376\377\207\272\127\213\117\115\225\031\166\204\136\224\122\233\127\072}{section.2.4}% 19
\BOOKMARK [2][-]{subsection.2.4.3}{\376\377\155\367\124\010\117\115\225\031\166\204\136\224\122\233\127\072}{section.2.4}% 20
\BOOKMARK [1][-]{section.2.5}{\376\377\117\115\225\031\166\204\136\224\123\330\200\375}{chapter.2}% 21
\BOOKMARK [2][-]{subsection.2.5.1}{\376\377\122\003\127\213\117\115\225\031\166\204\136\224\123\330\200\375}{section.2.5}% 22
\BOOKMARK [2][-]{subsection.2.5.2}{\376\377\207\272\127\213\117\115\225\031\166\204\136\224\123\330\200\375}{section.2.5}% 23
\BOOKMARK [2][-]{subsection.2.5.3}{\376\377\155\367\124\010\127\213\117\115\225\031\166\204\136\224\123\330\200\375}{section.2.5}% 24
\BOOKMARK [1][-]{section.2.6}{\376\377\117\115\225\031\166\204\176\277\137\040\122\233}{chapter.2}% 25
\BOOKMARK [1][-]{section.2.7}{\376\377\117\115\225\031\150\070\137\303}{chapter.2}% 26
\BOOKMARK [2][-]{subsection.2.7.1}{\376\377\160\271\226\065\152\041\127\213}{section.2.7}% 27
\BOOKMARK [2][-]{subsection.2.7.2}{\376\377\117\115\225\031\137\025\215\167\166\204\146\166\117\123\225\031\143\222\200\375}{section.2.7}% 28
\BOOKMARK [2][-]{subsection.2.7.3}{\376\377\160\271\226\065\226\073\122\233}{section.2.7}% 29
\BOOKMARK [1][-]{section.2.8}{\376\377\117\115\225\031\166\204\123\327\122\233\116\016\217\320\122\250}{chapter.2}% 30
\BOOKMARK [2][-]{subsection.2.8.1}{\376\377\117\115\225\031\166\204\217\320\122\250\145\271\137\017}{section.2.8}% 31
\BOOKMARK [2][-]{subsection.2.8.2}{\376\377\117\115\225\031\217\320\122\250\116\016\146\166\117\123\123\330\137\142}{section.2.8}% 32
\BOOKMARK [2][-]{subsection.2.8.3}{\376\377\117\134\165\050\127\050\117\115\225\031\116\012\166\204\122\233}{section.2.8}% 33
\BOOKMARK [1][-]{section.2.9}{\376\377\117\115\225\031\116\016\146\166\117\123\177\072\226\167\225\364\166\204\166\370\116\222\117\134\165\050}{chapter.2}% 34
\BOOKMARK [1][-]{section.2.10}{\376\377\117\115\225\031\166\204\130\236\153\226}{chapter.2}% 35
\BOOKMARK [1][-]{section.2.11}{\376\377\133\236\226\105\146\166\117\123\116\055\166\204\117\115\225\031}{chapter.2}% 36
\BOOKMARK [0][-]{chapter.3}{\376\377\146\166\174\222\217\271\165\114}{part.1}% 37
\BOOKMARK [1][-]{section.3.1}{\376\377\146\166\165\114\176\323\147\204}{chapter.3}% 38
\BOOKMARK [2][-]{subsection.3.1.1}{\376\377\134\017\211\322\136\246\146\166\165\114}{section.3.1}% 39
\BOOKMARK [2][-]{subsection.3.1.2}{\376\377\131\047\211\322\136\246\146\166\165\114}{section.3.1}% 40
\BOOKMARK [1][-]{section.3.2}{\376\377\146\166\165\114\200\375\221\317}{chapter.3}% 41
\BOOKMARK [2][-]{subsection.3.2.1}{\376\377\134\017\211\322\136\246\146\166\165\114\166\204\200\375\221\317}{section.3.2}% 42
\BOOKMARK [2][-]{subsection.3.2.2}{\376\377\131\047\211\322\136\246\146\166\165\114\166\204\200\375\221\317}{section.3.2}% 43
\BOOKMARK [1][-]{section.3.3}{\376\377\146\166\165\114\166\204\217\320\122\250}{chapter.3}% 44
\BOOKMARK [2][-]{subsection.3.3.1}{\376\377\134\017\211\322\146\166\165\114\166\204\171\373\122\250}{section.3.3}% 45
\BOOKMARK [-1][-]{part.2}{\376\377\000I\000I\000\040\140\047\200\375\137\072\123\026}{}% 46
\BOOKMARK [0][-]{chapter.4}{\376\377\146\166\117\123\166\204\203\003\140\047\123\330\137\142}{part.2}% 47
\BOOKMARK [1][-]{section.4.1}{\376\377\123\125\146\166\117\123\166\204\156\321\171\373\123\330\137\142}{chapter.4}% 48
\BOOKMARK [2][-]{subsection.4.1.1}{\376\377\156\321\171\373\146\166\117\123\133\146\162\171\137\201}{section.4.1}% 49
\BOOKMARK [2][-]{subsection.4.1.2}{\376\377\137\161\124\315\156\321\171\373\174\373\176\337\166\204\126\340\175\040}{section.4.1}% 50
\BOOKMARK [2][-]{subsection.4.1.3}{\376\377\156\321\171\373\145\271\137\017\116\016\156\321\171\373\136\046}{section.4.1}% 51
\BOOKMARK [1][-]{section.4.2}{\376\377\123\125\146\166\117\123\134\110\147\015\116\016\146\166\117\123\166\204\217\154\122\250\123\312\170\216\123\026}{chapter.4}% 52
\BOOKMARK [2][-]{subsection.4.2.1}{\376\377\116\064\165\114\122\006\122\007\136\224\122\233\133\232\137\213}{section.4.2}% 53
\BOOKMARK [2][-]{subsection.4.2.2}{\376\377\116\064\165\114\122\007\136\224\122\233\166\204\117\115\225\031\164\006\213\272}{section.4.2}% 54
\BOOKMARK [2][-]{subsection.4.2.3}{\376\377\142\311\117\070\217\307\172\013\116\055\226\306\117\123\166\204\217\154\122\250\124\214\170\216\123\026}{section.4.2}% 55
\BOOKMARK [2][-]{subsection.4.2.4}{\376\377\133\152\165\037}{section.4.2}% 56
\BOOKMARK [2][-]{subsection.4.2.5}{\376\377\140\073\176\323}{section.4.2}% 57
\BOOKMARK [1][-]{section.4.3}{\376\377\131\032\146\166\117\123\203\003\140\047\123\330\137\142\166\204\162\171\160\271\123\312\146\166\165\114\166\204\117\134\165\050}{chapter.4}% 58
\BOOKMARK [2][-]{subsection.4.3.1}{\376\377\131\032\146\166\117\123\130\121\140\047\123\330\137\142\166\204\162\171\160\271}{section.4.3}% 59
\BOOKMARK [2][-]{subsection.4.3.2}{\376\377\131\032\146\166\117\123\166\204\134\110\147\015\136\224\122\233}{section.4.3}% 60
\BOOKMARK [0][-]{chapter.5}{\376\377\122\240\135\345\170\154\123\026\116\016\220\000\160\153}{part.2}% 61
\BOOKMARK [1][-]{section.5.1}{\376\377\123\125\146\166\117\123\122\240\135\345\170\154\123\026\162\171\137\201}{chapter.5}% 62
\BOOKMARK [2][-]{subsection.5.1.1}{\376\377\227\142\137\303\172\313\145\271\136\224\122\233\136\224\123\330\146\362\176\277}{section.5.1}% 63
\BOOKMARK [2][-]{subsection.5.1.2}{\376\377\117\123\137\303\124\214\121\155\145\271\136\224\122\233\136\224\123\330\146\362\176\277}{section.5.1}% 64
\BOOKMARK [1][-]{section.5.2}{\376\377\122\240\135\345\170\154\123\026\166\204\117\115\225\031\164\006\213\272}{chapter.5}% 65
\BOOKMARK [2][-]{subsection.5.2.1}{\376\377\173\054\116\000\226\066\153\265\166\204\117\115\225\031\164\006\213\272}{section.5.2}% 66
\BOOKMARK [2][-]{subsection.5.2.2}{\376\377\122\240\135\345\170\154\123\026\166\204\173\054\116\214\226\066\153\265\166\204\164\006\213\272}{section.5.2}% 67
\BOOKMARK [2][-]{subsection.5.2.3}{\376\377\173\054\116\011\226\066\153\265\166\204\117\115\225\031\164\006\213\272}{section.5.2}% 68
\BOOKMARK [2][-]{subsection.5.2.4}{\376\377\123\005\217\233\150\074\145\110\136\224}{section.5.2}% 69
\BOOKMARK [1][-]{section.5.3}{\376\377\131\032\146\166\117\123\166\204\122\240\135\345\170\154\123\026}{chapter.5}% 70
\BOOKMARK [1][-]{section.5.4}{\376\377\137\142\123\330\221\321\134\136\166\204\122\240\160\355}{chapter.5}% 71
\BOOKMARK [2][-]{subsection.5.4.1}{\376\377\140\047\200\375\123\330\123\026}{section.5.4}% 72
\BOOKMARK [2][-]{subsection.5.4.2}{\376\377\126\336\131\015\122\250\122\233\133\146}{section.5.4}% 73
\BOOKMARK [2][-]{subsection.5.4.3}{\376\377\121\215\176\323\146\166}{section.5.4}% 74
\BOOKMARK [-1][-]{part.3}{\376\377\000I\000I\000I\000\040\126\372\156\266\117\123\060\001\142\151\145\143\116\016\166\370\123\330}{}% 75
\BOOKMARK [0][-]{chapter.6}{\376\377\126\372\156\266\117\123}{part.3}% 76
\BOOKMARK [0][-]{chapter.7}{\376\377\142\151\145\143}{part.3}% 77
\BOOKMARK [0][-]{chapter.8}{\376\377\166\370\123\330}{part.3}% 78
\BOOKMARK [1][-]{section.8.1}{\376\377\166\370\123\330\151\202\137\365}{chapter.8}% 79
\BOOKMARK [2][-]{subsection.8.1.1}{\376\377\122\250\122\233\133\146\166\370\123\330\122\006\174\173}{section.8.1}% 80
\BOOKMARK [2][-]{subsection.8.1.2}{\376\377\160\355\122\233\133\146\166\204\166\370\123\330\122\006\174\173}{section.8.1}% 81
\BOOKMARK [2][-]{subsection.8.1.3}{\376\377\126\372\156\266\117\123\201\352\165\061\200\375\166\204\213\241\173\227}{section.8.1}% 82
\BOOKMARK [2][-]{subsection.8.1.4}{\376\377\155\367\124\010\217\307\172\013\166\204\201\352\165\061\200\375\145\071\123\330\221\317\116\345\123\312\142\020\122\006\116\016\201\352\165\061\200\375\121\163\174\373}{section.8.1}% 83
\BOOKMARK [1][-]{section.8.2}{\376\377\127\107\123\000\137\142\150\070}{chapter.8}% 84
\BOOKMARK [1][-]{section.8.3}{\376\377\137\142\150\070\220\037\163\207\123\312\127\107\123\000\137\142\150\070\127\050\126\372\140\001\217\154\123\330\116\055\166\204\143\250\136\177}{chapter.8}% 85
\BOOKMARK [2][-]{subsection.8.3.1}{\376\377\137\142\150\070\137\025\215\167\166\204\146\166\150\074\165\170\123\330}{section.8.3}% 86
\BOOKMARK [2][-]{subsection.8.3.2}{\376\377\166\370\165\114\227\142\140\047\215\050\166\204\137\161\124\315}{section.8.3}% 87
\BOOKMARK [2][-]{subsection.8.3.3}{\376\377\227\136\127\107\123\000\137\142\150\070\377\010\165\114\227\142\137\142\150\070\377\011}{section.8.3}% 88
\BOOKMARK [1][-]{section.8.4}{\376\377\145\260\166\370\166\204\225\177\131\047}{chapter.8}% 89
\BOOKMARK [2][-]{subsection.8.4.1}{\376\377\165\114\227\142\143\247\122\066\166\204\225\177\131\047\217\307\172\013}{section.8.4}% 90
\BOOKMARK [2][-]{subsection.8.4.2}{\376\377\142\151\145\143\143\247\122\066\166\204\225\177\131\047\217\307\172\013}{section.8.4}% 91
\BOOKMARK [1][-]{section.8.5}{\376\377\217\307\231\161\124\214\126\372\156\266\117\123\166\204\201\061\156\266\154\211\155\300}{chapter.8}% 92
\BOOKMARK [1][-]{section.8.6}{\376\377\214\003\136\105\122\006\211\343}{chapter.8}% 93
\BOOKMARK [1][-]{section.8.7}{\376\377\232\154\154\017\117\123\166\370\123\330}{chapter.8}% 94
\BOOKMARK [-1][-]{part.4}{\376\377\000I\000V\000\040\200\003\213\325\121\205\133\271}{}% 95
\BOOKMARK [0][-]{chapter.9}{\376\377\146\166\117\123\177\072\226\167}{part.4}% 96
\BOOKMARK [1][-]{section.9.1}{\376\377\225\356\230\230}{chapter.9}% 97
